Bootstrap to phase 0. [0.02 sec, 1.7 MB]                             [bootstrap]
Drush bootstrap phase : _drush_bootstrap_drush() [0.03 sec, 1.83 MB] [bootstrap]
Cache HIT cid: 5.10.0-commandfiles-0-2650c582a8750a1759e92f090170df86    [debug]
[0.06 sec, 1.84 MB]
Bootstrap to phase 0. [0.11 sec, 4.3 MB]                             [bootstrap]
Bootstrap to phase 5. [0.11 sec, 4.3 MB]                             [bootstrap]
Drush bootstrap phase : _drush_bootstrap_drupal_root() [0.11 sec, 4.3[bootstrap]
MB]
Initialized Drupal 7.34 root directory at /var/www/homesinboise.com     [notice]
[0.14 sec, 5.11 MB]
Drush bootstrap phase : _drush_bootstrap_drupal_site() [0.14 sec,    [bootstrap]
5.11 MB]
Initialized Drupal site default at sites/default [0.14 sec, 5.11 MB]    [notice]
Cache HIT cid: 5.10.0-commandfiles-2-c32acd775c18a90c5b41d0fc9accf5ab    [debug]
[0.15 sec, 5.12 MB]
Drush bootstrap phase : _drush_bootstrap_drupal_configuration() [0.15[bootstrap]
sec, 5.12 MB]
Drush bootstrap phase : _drush_bootstrap_drupal_database() [0.16 sec,[bootstrap]
5.13 MB]
Successfully connected to the Drupal database. [0.16 sec, 5.13 MB]   [bootstrap]
Drush bootstrap phase : _drush_bootstrap_drupal_full() [0.16 sec,    [bootstrap]
5.63 MB]
Cache HIT cid: 5.10.0-commandfiles-5-82b705d63be57b89042cab4b79cc6270    [debug]
[0.64 sec, 30.25 MB]
Bootstrap to phase 6. [0.68 sec, 31.5 MB]                            [bootstrap]
Drush bootstrap phase : _drush_bootstrap_drupal_login() [0.68 sec,   [bootstrap]
31.5 MB]
Successfully logged into Drupal as Anonymous (uid=0) [0.69 sec, 31.51[bootstrap]
MB]
Found command: rets-import (commandfile=drealty) [0.69 sec, 31.51 MB][bootstrap]
Processing Resource: Property for Connection: mls_rets [0.73 sec,       [notice]
33.21 MB]
Unable to save debug log to public://drealty_debug_log.txt
fwrite() expects parameter 1 to be resource, boolean given             [warning]
phrets.php:1596 [1.49 sec, 33.24 MB]
fwrite() expects parameter 1 to be resource, boolean given             [warning]
phrets.php:1596 [25.45 sec, 37.46 MB]
fwrite() expects parameter 1 to be resource, boolean given             [warning]
phrets.php:1596 [49.74 sec, 43.25 MB]
fwrite() expects parameter 1 to be resource, boolean given             [warning]
phrets.php:1596 [74.92 sec, 45.07 MB]
fwrite() expects parameter 1 to be resource, boolean given             [warning]
phrets.php:1596 [102.13 sec, 46.72 MB]
fwrite() expects parameter 1 to be resource, boolean given             [warning]
phrets.php:1596 [124.53 sec, 48.24 MB]
